[2018-11-30 16:33:37 *18836.1]	NOTICE	swFactoryProcess_finish (ERROR 1005): connection[fd=9909] does not exists.
[2018-11-30 16:33:37 *18836.1]	NOTICE	swFactoryProcess_finish (ERROR 1005): connection[fd=9909] does not exists.
[2018-11-30 16:33:37 *18836.1]	NOTICE	swFactoryProcess_finish (ERROR 1005): connection[fd=0] does not exists.
[2018-11-30 16:33:37 *18836.1]	NOTICE	swFactoryProcess_finish (ERROR 1005): connection[fd=0] does not exists.
[2018-11-30 16:33:37 *18836.1]	NOTICE	swFactoryProcess_finish (ERROR 1005): connection[fd=0] does not exists.
[2018-11-30 16:33:37 *18836.1]	NOTICE	swFactoryProcess_finish (ERROR 1005): connection[fd=0] does not exists.
[2018-11-30 16:33:37 *18836.1]	NOTICE	swFactoryProcess_finish (ERROR 1005): connection[fd=9373] does not exists.
[2018-11-30 16:33:37 *18836.1]	NOTICE	swFactoryProcess_finish (ERROR 1005): connection[fd=9373] does not exists.
[2018-11-30 16:37:12 *18836.1]	NOTICE	swFactoryProcess_finish (ERROR 1005): connection[fd=9909] does not exists.
[2018-11-30 16:37:12 *18836.1]	NOTICE	swFactoryProcess_finish (ERROR 1005): connection[fd=9909] does not exists.
[2018-11-30 16:37:12 *18836.1]	NOTICE	swFactoryProcess_finish (ERROR 1005): connection[fd=0] does not exists.
[2018-11-30 16:37:12 *18836.1]	NOTICE	swFactoryProcess_finish (ERROR 1005): connection[fd=0] does not exists.
[2018-11-30 16:37:12 *18836.1]	NOTICE	swFactoryProcess_finish (ERROR 1005): connection[fd=0] does not exists.
[2018-11-30 16:37:12 *18836.1]	NOTICE	swFactoryProcess_finish (ERROR 1005): connection[fd=0] does not exists.
[2018-11-30 16:37:12 *18836.1]	NOTICE	swFactoryProcess_finish (ERROR 1005): connection[fd=9373] does not exists.
[2018-11-30 16:37:12 *18836.1]	NOTICE	swFactoryProcess_finish (ERROR 1005): connection[fd=9373] does not exists.
[2018-11-30 16:41:16 *19450.1]	ERROR	zm_deactivate_swoole (ERROR 503): Fatal error: Uncaught Swoole\ExitException: swoole exit. in /data/wwwroot/Swoole/ThinkPHP/Library/Think/Think.class.php:290
Stack trace:
#0 /data/wwwroot/Swoole/ThinkPHP/Library/Think/Think.class.php(273): Think\Think::halt(Array)
#1 [internal function]: Think\Think::fatalError()
#2 {main}
  thrown in /data/wwwroot/Swoole/ThinkPHP/Library/Think/Think.class.php on line 290.
[2018-11-30 16:41:16 $19442.0]	WARNING	swManager_check_exit_status: worker#1 abnormal exit, status=255, signal=0
[2018-11-30 16:41:43 *19453.1]	ERROR	zm_deactivate_swoole (ERROR 503): Fatal error: Uncaught Swoole\ExitException: swoole exit. in /data/wwwroot/Swoole/ThinkPHP/Library/Think/Think.class.php:290
Stack trace:
#0 /data/wwwroot/Swoole/ThinkPHP/Library/Think/Think.class.php(273): Think\Think::halt(Array)
#1 [internal function]: Think\Think::fatalError()
#2 {main}
  thrown in /data/wwwroot/Swoole/ThinkPHP/Library/Think/Think.class.php on line 290.
[2018-11-30 16:41:43 $19442.0]	WARNING	swManager_check_exit_status: worker#1 abnormal exit, status=255, signal=0
[2018-11-30 16:42:14 *19464.1]	ERROR	zm_deactivate_swoole (ERROR 503): Fatal error: Uncaught Swoole\ExitException: swoole exit. in /data/wwwroot/Swoole/ThinkPHP/Library/Think/Think.class.php:290
Stack trace:
#0 /data/wwwroot/Swoole/ThinkPHP/Library/Think/Think.class.php(273): Think\Think::halt(Array)
#1 [internal function]: Think\Think::fatalError()
#2 {main}
  thrown in /data/wwwroot/Swoole/ThinkPHP/Library/Think/Think.class.php on line 290.
[2018-11-30 16:42:14 $19442.0]	WARNING	swManager_check_exit_status: worker#1 abnormal exit, status=255, signal=0
[2018-11-30 16:43:51 #19433.2]	NOTICE	Server is shutdown now.
[2018-11-30 16:44:19 *19681.1]	NOTICE	swFactoryProcess_finish (ERROR 1005): connection[fd=9909] does not exists.
[2018-11-30 16:44:19 *19681.1]	NOTICE	swFactoryProcess_finish (ERROR 1005): connection[fd=9909] does not exists.
[2018-11-30 16:44:19 *19681.1]	NOTICE	swFactoryProcess_finish (ERROR 1005): connection[fd=0] does not exists.
[2018-11-30 16:44:19 *19681.1]	NOTICE	swFactoryProcess_finish (ERROR 1005): connection[fd=0] does not exists.
[2018-11-30 16:44:19 *19681.1]	NOTICE	swFactoryProcess_finish (ERROR 1005): connection[fd=0] does not exists.
[2018-11-30 16:44:19 *19681.1]	NOTICE	swFactoryProcess_finish (ERROR 1005): connection[fd=0] does not exists.
[2018-11-30 16:44:19 *19681.1]	NOTICE	swFactoryProcess_finish (ERROR 1005): connection[fd=9373] does not exists.
[2018-11-30 16:44:19 *19681.1]	NOTICE	swFactoryProcess_finish (ERROR 1005): connection[fd=9373] does not exists.
[2018-11-30 16:48:37 *19681.1]	NOTICE	swFactoryProcess_finish (ERROR 1005): connection[fd=9909] does not exists.
[2018-11-30 16:48:37 *19681.1]	NOTICE	swFactoryProcess_finish (ERROR 1005): connection[fd=9909] does not exists.
[2018-11-30 16:48:37 *19681.1]	NOTICE	swFactoryProcess_finish (ERROR 1005): connection[fd=0] does not exists.
[2018-11-30 16:48:37 *19681.1]	NOTICE	swFactoryProcess_finish (ERROR 1005): connection[fd=0] does not exists.
[2018-11-30 16:48:37 *19681.1]	NOTICE	swFactoryProcess_finish (ERROR 1005): connection[fd=0] does not exists.
[2018-11-30 16:48:37 *19681.1]	NOTICE	swFactoryProcess_finish (ERROR 1005): connection[fd=0] does not exists.
[2018-11-30 16:48:37 *19681.1]	NOTICE	swFactoryProcess_finish (ERROR 1005): connection[fd=9373] does not exists.
[2018-11-30 16:48:37 *19681.1]	NOTICE	swFactoryProcess_finish (ERROR 1005): connection[fd=9373] does not exists.
[2018-11-30 16:48:39 *19681.1]	NOTICE	swFactoryProcess_finish (ERROR 1005): connection[fd=9909] does not exists.
[2018-11-30 16:48:39 *19681.1]	NOTICE	swFactoryProcess_finish (ERROR 1005): connection[fd=9909] does not exists.
[2018-11-30 16:48:39 *19681.1]	NOTICE	swFactoryProcess_finish (ERROR 1005): connection[fd=0] does not exists.
[2018-11-30 16:48:39 *19681.1]	NOTICE	swFactoryProcess_finish (ERROR 1005): connection[fd=0] does not exists.
[2018-11-30 16:48:39 *19681.1]	NOTICE	swFactoryProcess_finish (ERROR 1005): connection[fd=0] does not exists.
[2018-11-30 16:48:39 *19681.1]	NOTICE	swFactoryProcess_finish (ERROR 1005): connection[fd=0] does not exists.
[2018-11-30 16:48:39 *19681.1]	NOTICE	swFactoryProcess_finish (ERROR 1005): connection[fd=9373] does not exists.
[2018-11-30 16:48:39 *19681.1]	NOTICE	swFactoryProcess_finish (ERROR 1005): connection[fd=9373] does not exists.
[2018-11-30 16:48:41 *19681.1]	NOTICE	swFactoryProcess_finish (ERROR 1005): connection[fd=9909] does not exists.
[2018-11-30 16:48:41 *19681.1]	NOTICE	swFactoryProcess_finish (ERROR 1005): connection[fd=9909] does not exists.
[2018-11-30 16:48:41 *19681.1]	NOTICE	swFactoryProcess_finish (ERROR 1005): connection[fd=0] does not exists.
[2018-11-30 16:48:41 *19681.1]	NOTICE	swFactoryProcess_finish (ERROR 1005): connection[fd=0] does not exists.
[2018-11-30 16:48:41 *19681.1]	NOTICE	swFactoryProcess_finish (ERROR 1005): connection[fd=0] does not exists.
[2018-11-30 16:48:41 *19681.1]	NOTICE	swFactoryProcess_finish (ERROR 1005): connection[fd=0] does not exists.
[2018-11-30 16:48:41 *19681.1]	NOTICE	swFactoryProcess_finish (ERROR 1005): connection[fd=9373] does not exists.
[2018-11-30 16:48:41 *19681.1]	NOTICE	swFactoryProcess_finish (ERROR 1005): connection[fd=9373] does not exists.
[2018-11-30 16:51:10 *19681.1]	NOTICE	swFactoryProcess_finish (ERROR 1005): connection[fd=9909] does not exists.
[2018-11-30 16:51:10 *19681.1]	NOTICE	swFactoryProcess_finish (ERROR 1005): connection[fd=9909] does not exists.
[2018-11-30 16:51:10 *19681.1]	NOTICE	swFactoryProcess_finish (ERROR 1005): connection[fd=0] does not exists.
[2018-11-30 16:51:10 *19681.1]	NOTICE	swFactoryProcess_finish (ERROR 1005): connection[fd=0] does not exists.
[2018-11-30 16:51:10 *19681.1]	NOTICE	swFactoryProcess_finish (ERROR 1005): connection[fd=0] does not exists.
[2018-11-30 16:51:10 *19681.1]	NOTICE	swFactoryProcess_finish (ERROR 1005): connection[fd=0] does not exists.
[2018-11-30 16:51:10 *19681.1]	NOTICE	swFactoryProcess_finish (ERROR 1005): connection[fd=9373] does not exists.
[2018-11-30 16:51:10 *19681.1]	NOTICE	swFactoryProcess_finish (ERROR 1005): connection[fd=9373] does not exists.
[2018-11-30 16:51:13 *19681.1]	NOTICE	swFactoryProcess_finish (ERROR 1005): connection[fd=9909] does not exists.
[2018-11-30 16:51:13 *19681.1]	NOTICE	swFactoryProcess_finish (ERROR 1005): connection[fd=9909] does not exists.
[2018-11-30 16:51:13 *19681.1]	NOTICE	swFactoryProcess_finish (ERROR 1005): connection[fd=0] does not exists.
[2018-11-30 16:51:13 *19681.1]	NOTICE	swFactoryProcess_finish (ERROR 1005): connection[fd=0] does not exists.
[2018-11-30 16:51:13 *19681.1]	NOTICE	swFactoryProcess_finish (ERROR 1005): connection[fd=0] does not exists.
[2018-11-30 16:51:13 *19681.1]	NOTICE	swFactoryProcess_finish (ERROR 1005): connection[fd=0] does not exists.
[2018-11-30 16:51:13 *19681.1]	NOTICE	swFactoryProcess_finish (ERROR 1005): connection[fd=9373] does not exists.
[2018-11-30 16:51:13 *19681.1]	NOTICE	swFactoryProcess_finish (ERROR 1005): connection[fd=9373] does not exists.
[2018-11-30 16:54:41 *20514.1]	NOTICE	swFactoryProcess_finish (ERROR 1005): connection[fd=9909] does not exists.
[2018-11-30 16:54:41 *20514.1]	NOTICE	swFactoryProcess_finish (ERROR 1005): connection[fd=9909] does not exists.
[2018-11-30 16:54:41 *20514.1]	NOTICE	swFactoryProcess_finish (ERROR 1005): connection[fd=0] does not exists.
[2018-11-30 16:54:41 *20514.1]	NOTICE	swFactoryProcess_finish (ERROR 1005): connection[fd=0] does not exists.
[2018-11-30 16:54:41 *20514.1]	NOTICE	swFactoryProcess_finish (ERROR 1005): connection[fd=0] does not exists.
[2018-11-30 16:54:41 *20514.1]	NOTICE	swFactoryProcess_finish (ERROR 1005): connection[fd=0] does not exists.
[2018-11-30 16:54:41 *20514.1]	NOTICE	swFactoryProcess_finish (ERROR 1005): connection[fd=9373] does not exists.
[2018-11-30 16:54:41 *20514.1]	NOTICE	swFactoryProcess_finish (ERROR 1005): connection[fd=9373] does not exists.
[2018-11-30 16:54:44 *20514.1]	NOTICE	swFactoryProcess_finish (ERROR 1005): connection[fd=9909] does not exists.
[2018-11-30 16:54:44 *20514.1]	NOTICE	swFactoryProcess_finish (ERROR 1005): connection[fd=9909] does not exists.
[2018-11-30 16:54:44 *20514.1]	NOTICE	swFactoryProcess_finish (ERROR 1005): connection[fd=0] does not exists.
[2018-11-30 16:54:44 *20514.1]	NOTICE	swFactoryProcess_finish (ERROR 1005): connection[fd=0] does not exists.
[2018-11-30 16:54:44 *20514.1]	NOTICE	swFactoryProcess_finish (ERROR 1005): connection[fd=0] does not exists.
[2018-11-30 16:54:44 *20514.1]	NOTICE	swFactoryProcess_finish (ERROR 1005): connection[fd=0] does not exists.
[2018-11-30 16:54:44 *20514.1]	NOTICE	swFactoryProcess_finish (ERROR 1005): connection[fd=9373] does not exists.
[2018-11-30 16:54:44 *20514.1]	NOTICE	swFactoryProcess_finish (ERROR 1005): connection[fd=9373] does not exists.
[2018-11-30 16:54:46 *20514.1]	NOTICE	swFactoryProcess_finish (ERROR 1005): connection[fd=9909] does not exists.
[2018-11-30 16:54:46 *20514.1]	NOTICE	swFactoryProcess_finish (ERROR 1005): connection[fd=9909] does not exists.
[2018-11-30 16:54:46 *20514.1]	NOTICE	swFactoryProcess_finish (ERROR 1005): connection[fd=0] does not exists.
[2018-11-30 16:54:46 *20514.1]	NOTICE	swFactoryProcess_finish (ERROR 1005): connection[fd=0] does not exists.
[2018-11-30 16:54:46 *20514.1]	NOTICE	swFactoryProcess_finish (ERROR 1005): connection[fd=0] does not exists.
[2018-11-30 16:54:46 *20514.1]	NOTICE	swFactoryProcess_finish (ERROR 1005): connection[fd=0] does not exists.
[2018-11-30 16:54:46 *20514.1]	NOTICE	swFactoryProcess_finish (ERROR 1005): connection[fd=9373] does not exists.
[2018-11-30 16:54:46 *20514.1]	NOTICE	swFactoryProcess_finish (ERROR 1005): connection[fd=9373] does not exists.
[2018-11-30 16:55:29 *20514.1]	NOTICE	swFactoryProcess_finish (ERROR 1005): connection[fd=9909] does not exists.
[2018-11-30 16:55:29 *20514.1]	NOTICE	swFactoryProcess_finish (ERROR 1005): connection[fd=9909] does not exists.
[2018-11-30 16:55:29 *20514.1]	NOTICE	swFactoryProcess_finish (ERROR 1005): connection[fd=0] does not exists.
[2018-11-30 16:55:29 *20514.1]	NOTICE	swFactoryProcess_finish (ERROR 1005): connection[fd=0] does not exists.
[2018-11-30 16:55:29 *20514.1]	NOTICE	swFactoryProcess_finish (ERROR 1005): connection[fd=0] does not exists.
[2018-11-30 16:55:29 *20514.1]	NOTICE	swFactoryProcess_finish (ERROR 1005): connection[fd=0] does not exists.
[2018-11-30 16:55:29 *20514.1]	NOTICE	swFactoryProcess_finish (ERROR 1005): connection[fd=9373] does not exists.
[2018-11-30 16:55:29 *20514.1]	NOTICE	swFactoryProcess_finish (ERROR 1005): connection[fd=9373] does not exists.
[2018-11-30 16:57:28 *20514.1]	NOTICE	swFactoryProcess_finish (ERROR 1005): connection[fd=9909] does not exists.
[2018-11-30 16:57:28 *20514.1]	NOTICE	swFactoryProcess_finish (ERROR 1005): connection[fd=9909] does not exists.
[2018-11-30 16:57:28 *20514.1]	NOTICE	swFactoryProcess_finish (ERROR 1005): connection[fd=0] does not exists.
[2018-11-30 16:57:28 *20514.1]	NOTICE	swFactoryProcess_finish (ERROR 1005): connection[fd=0] does not exists.
[2018-11-30 16:57:28 *20514.1]	NOTICE	swFactoryProcess_finish (ERROR 1005): connection[fd=0] does not exists.
[2018-11-30 16:57:28 *20514.1]	NOTICE	swFactoryProcess_finish (ERROR 1005): connection[fd=0] does not exists.
[2018-11-30 16:57:28 *20514.1]	NOTICE	swFactoryProcess_finish (ERROR 1005): connection[fd=9373] does not exists.
[2018-11-30 16:57:28 *20514.1]	NOTICE	swFactoryProcess_finish (ERROR 1005): connection[fd=9373] does not exists.
[2018-11-30 16:57:30 *20514.1]	NOTICE	swFactoryProcess_finish (ERROR 1005): connection[fd=9909] does not exists.
[2018-11-30 16:57:30 *20514.1]	NOTICE	swFactoryProcess_finish (ERROR 1005): connection[fd=9909] does not exists.
[2018-11-30 16:57:30 *20514.1]	NOTICE	swFactoryProcess_finish (ERROR 1005): connection[fd=0] does not exists.
[2018-11-30 16:57:30 *20514.1]	NOTICE	swFactoryProcess_finish (ERROR 1005): connection[fd=0] does not exists.
[2018-11-30 16:57:30 *20514.1]	NOTICE	swFactoryProcess_finish (ERROR 1005): connection[fd=0] does not exists.
[2018-11-30 16:57:30 *20514.1]	NOTICE	swFactoryProcess_finish (ERROR 1005): connection[fd=0] does not exists.
[2018-11-30 16:57:30 *20514.1]	NOTICE	swFactoryProcess_finish (ERROR 1005): connection[fd=9373] does not exists.
[2018-11-30 16:57:30 *20514.1]	NOTICE	swFactoryProcess_finish (ERROR 1005): connection[fd=9373] does not exists.
[2018-11-30 18:58:55 *29667.1]	ERROR	zm_deactivate_swoole (ERROR 503): Fatal error: Uncaught Swoole\ExitException: swoole exit. in /data/wwwroot/Swoole/ThinkPHP/Library/Think/Think.class.php:290
Stack trace:
#0 /data/wwwroot/Swoole/ThinkPHP/Library/Think/Think.class.php(273): Think\Think::halt(Array)
#1 [internal function]: Think\Think::fatalError()
#2 {main}
  thrown in /data/wwwroot/Swoole/ThinkPHP/Library/Think/Think.class.php on line 290.
[2018-11-30 18:58:55 $29659.0]	WARNING	swManager_check_exit_status: worker#1 abnormal exit, status=255, signal=0
[2018-11-30 20:40:17 *30553.3]	WARNING	swSignalfd_onSignal: signal[1] callback is null.
[2018-11-30 20:40:17 ^30548.6]	WARNING	swSignalfd_onSignal: signal[1] callback is null.
[2018-11-30 20:40:17 $30543.0]	WARNING	swSignal_callback: signal[1] callback is null.
[2018-11-30 20:40:17 ^30549.7]	WARNING	swSignalfd_onSignal: signal[1] callback is null.
[2018-11-30 20:40:17 *30553.3]	WARNING	swSignalfd_onSignal: signal[1] callback is null.
[2018-11-30 20:40:17 *30551.1]	WARNING	swSignalfd_onSignal: signal[1] callback is null.
[2018-11-30 20:40:17 ^30547.5]	WARNING	swSignalfd_onSignal: signal[1] callback is null.
[2018-11-30 20:40:17 ^30546.4]	WARNING	swSignalfd_onSignal: signal[1] callback is null.
[2018-11-30 20:40:17 #30534.2]	WARNING	swSignalfd_onSignal: signal[1] callback is null.
[2018-11-30 20:40:17 *30550.0]	WARNING	swSignalfd_onSignal: signal[1] callback is null.
[2018-11-30 20:40:17 *30552.2]	WARNING	swSignalfd_onSignal: signal[1] callback is null.
[2018-11-30 20:40:33 *30551.1]	NOTICE	zm_deactivate_swoole (ERROR 9003): worker process is terminated by exit()/die().
[2018-11-30 20:41:03 *4697.1]	NOTICE	zm_deactivate_swoole (ERROR 9003): worker process is terminated by exit()/die().
[2018-11-30 20:41:33 *4763.1]	NOTICE	zm_deactivate_swoole (ERROR 9003): worker process is terminated by exit()/die().
[2018-11-30 20:42:03 *4764.1]	NOTICE	zm_deactivate_swoole (ERROR 9003): worker process is terminated by exit()/die().
[2018-11-30 20:42:33 *4829.1]	NOTICE	zm_deactivate_swoole (ERROR 9003): worker process is terminated by exit()/die().
[2018-11-30 20:43:03 *4830.1]	NOTICE	zm_deactivate_swoole (ERROR 9003): worker process is terminated by exit()/die().
[2018-11-30 20:43:05 *30552.2]	NOTICE	zm_deactivate_swoole (ERROR 9003): worker process is terminated by exit()/die().
[2018-11-30 20:43:07 *4896.2]	NOTICE	zm_deactivate_swoole (ERROR 9003): worker process is terminated by exit()/die().
[2018-11-30 20:43:35 *4897.2]	NOTICE	zm_deactivate_swoole (ERROR 9003): worker process is terminated by exit()/die().
[2018-11-30 20:44:05 *4899.2]	NOTICE	zm_deactivate_swoole (ERROR 9003): worker process is terminated by exit()/die().
[2018-11-30 20:44:35 *4964.2]	NOTICE	zm_deactivate_swoole (ERROR 9003): worker process is terminated by exit()/die().
[2018-11-30 20:45:05 *4965.2]	NOTICE	zm_deactivate_swoole (ERROR 9003): worker process is terminated by exit()/die().
[2018-11-30 20:45:35 *5044.2]	NOTICE	zm_deactivate_swoole (ERROR 9003): worker process is terminated by exit()/die().
[2018-11-30 20:46:05 *5046.2]	NOTICE	zm_deactivate_swoole (ERROR 9003): worker process is terminated by exit()/die().
[2018-11-30 20:46:07 *30553.3]	NOTICE	zm_deactivate_swoole (ERROR 9003): worker process is terminated by exit()/die().
[2018-11-30 20:46:09 *5112.3]	NOTICE	zm_deactivate_swoole (ERROR 9003): worker process is terminated by exit()/die().
[2018-11-30 20:46:37 *5113.3]	NOTICE	zm_deactivate_swoole (ERROR 9003): worker process is terminated by exit()/die().
[2018-11-30 20:47:07 *5114.3]	NOTICE	zm_deactivate_swoole (ERROR 9003): worker process is terminated by exit()/die().
[2018-11-30 20:47:37 *5182.3]	NOTICE	zm_deactivate_swoole (ERROR 9003): worker process is terminated by exit()/die().
[2018-11-30 20:48:07 *5183.3]	NOTICE	zm_deactivate_swoole (ERROR 9003): worker process is terminated by exit()/die().
[2018-11-30 20:48:37 *5268.3]	NOTICE	zm_deactivate_swoole (ERROR 9003): worker process is terminated by exit()/die().
[2018-11-30 20:49:07 *5269.3]	NOTICE	zm_deactivate_swoole (ERROR 9003): worker process is terminated by exit()/die().
[2018-11-30 20:49:10 *30550.0]	NOTICE	zm_deactivate_swoole (ERROR 9003): worker process is terminated by exit()/die().
[2018-11-30 20:49:12 *5336.0]	NOTICE	zm_deactivate_swoole (ERROR 9003): worker process is terminated by exit()/die().
[2018-11-30 20:49:40 *5337.0]	NOTICE	zm_deactivate_swoole (ERROR 9003): worker process is terminated by exit()/die().
[2018-11-30 20:50:10 *5338.0]	NOTICE	zm_deactivate_swoole (ERROR 9003): worker process is terminated by exit()/die().
[2018-11-30 20:50:40 *5434.0]	NOTICE	zm_deactivate_swoole (ERROR 9003): worker process is terminated by exit()/die().
[2018-11-30 20:51:10 *5435.0]	NOTICE	zm_deactivate_swoole (ERROR 9003): worker process is terminated by exit()/die().
[2018-11-30 20:51:40 *5502.0]	NOTICE	zm_deactivate_swoole (ERROR 9003): worker process is terminated by exit()/die().
[2018-11-30 20:52:10 *5503.0]	NOTICE	zm_deactivate_swoole (ERROR 9003): worker process is terminated by exit()/die().
[2018-11-30 20:52:12 *4895.1]	NOTICE	zm_deactivate_swoole (ERROR 9003): worker process is terminated by exit()/die().
[2018-11-30 20:52:14 *5570.1]	NOTICE	zm_deactivate_swoole (ERROR 9003): worker process is terminated by exit()/die().
[2018-11-30 20:52:42 *5571.1]	NOTICE	zm_deactivate_swoole (ERROR 9003): worker process is terminated by exit()/die().
[2018-11-30 20:53:12 *5572.1]	NOTICE	zm_deactivate_swoole (ERROR 9003): worker process is terminated by exit()/die().
[2018-11-30 20:53:42 *5636.1]	NOTICE	zm_deactivate_swoole (ERROR 9003): worker process is terminated by exit()/die().
[2018-11-30 20:54:12 *5637.1]	NOTICE	zm_deactivate_swoole (ERROR 9003): worker process is terminated by exit()/die().
[2018-11-30 20:54:42 *5704.1]	NOTICE	zm_deactivate_swoole (ERROR 9003): worker process is terminated by exit()/die().
[2018-11-30 20:55:12 *5705.1]	NOTICE	zm_deactivate_swoole (ERROR 9003): worker process is terminated by exit()/die().
[2018-11-30 20:55:14 *5111.2]	NOTICE	zm_deactivate_swoole (ERROR 9003): worker process is terminated by exit()/die().
[2018-11-30 20:55:16 *5784.2]	NOTICE	zm_deactivate_swoole (ERROR 9003): worker process is terminated by exit()/die().
[2018-11-30 20:55:44 *5785.2]	NOTICE	zm_deactivate_swoole (ERROR 9003): worker process is terminated by exit()/die().
[2018-11-30 20:56:14 *5786.2]	NOTICE	zm_deactivate_swoole (ERROR 9003): worker process is terminated by exit()/die().
[2018-11-30 20:56:44 *5864.2]	NOTICE	zm_deactivate_swoole (ERROR 9003): worker process is terminated by exit()/die().
[2018-11-30 20:57:14 *5865.2]	NOTICE	zm_deactivate_swoole (ERROR 9003): worker process is terminated by exit()/die().
[2018-11-30 20:57:44 *5932.2]	NOTICE	zm_deactivate_swoole (ERROR 9003): worker process is terminated by exit()/die().
[2018-11-30 20:58:14 *5933.2]	NOTICE	zm_deactivate_swoole (ERROR 9003): worker process is terminated by exit()/die().
[2018-11-30 20:58:17 *5335.3]	NOTICE	zm_deactivate_swoole (ERROR 9003): worker process is terminated by exit()/die().
[2018-11-30 20:58:19 *5998.3]	NOTICE	zm_deactivate_swoole (ERROR 9003): worker process is terminated by exit()/die().
[2018-11-30 20:58:47 *5999.3]	NOTICE	zm_deactivate_swoole (ERROR 9003): worker process is terminated by exit()/die().
[2018-11-30 20:59:17 *6000.3]	NOTICE	zm_deactivate_swoole (ERROR 9003): worker process is terminated by exit()/die().
[2018-11-30 20:59:47 *6066.3]	NOTICE	zm_deactivate_swoole (ERROR 9003): worker process is terminated by exit()/die().
[2018-11-30 21:00:17 *6067.3]	NOTICE	zm_deactivate_swoole (ERROR 9003): worker process is terminated by exit()/die().
[2018-11-30 21:00:47 *6195.3]	NOTICE	zm_deactivate_swoole (ERROR 9003): worker process is terminated by exit()/die().
[2018-11-30 21:01:17 *6196.3]	NOTICE	zm_deactivate_swoole (ERROR 9003): worker process is terminated by exit()/die().
[2018-11-30 21:01:19 *5569.0]	NOTICE	zm_deactivate_swoole (ERROR 9003): worker process is terminated by exit()/die().
[2018-11-30 21:01:21 *6276.0]	NOTICE	zm_deactivate_swoole (ERROR 9003): worker process is terminated by exit()/die().
[2018-11-30 21:01:49 *6277.0]	NOTICE	zm_deactivate_swoole (ERROR 9003): worker process is terminated by exit()/die().
[2018-11-30 21:02:19 *6278.0]	NOTICE	zm_deactivate_swoole (ERROR 9003): worker process is terminated by exit()/die().
[2018-11-30 21:02:49 *6345.0]	NOTICE	zm_deactivate_swoole (ERROR 9003): worker process is terminated by exit()/die().
[2018-11-30 21:03:19 *6346.0]	NOTICE	zm_deactivate_swoole (ERROR 9003): worker process is terminated by exit()/die().
[2018-11-30 21:03:49 *6412.0]	NOTICE	zm_deactivate_swoole (ERROR 9003): worker process is terminated by exit()/die().
[2018-11-30 21:04:19 *6413.0]	NOTICE	zm_deactivate_swoole (ERROR 9003): worker process is terminated by exit()/die().
[2018-11-30 21:04:21 *5783.1]	NOTICE	zm_deactivate_swoole (ERROR 9003): worker process is terminated by exit()/die().
[2018-11-30 21:04:24 *6479.1]	NOTICE	zm_deactivate_swoole (ERROR 9003): worker process is terminated by exit()/die().
[2018-11-30 21:04:52 *6480.1]	NOTICE	zm_deactivate_swoole (ERROR 9003): worker process is terminated by exit()/die().
[2018-11-30 21:05:22 *6481.1]	NOTICE	zm_deactivate_swoole (ERROR 9003): worker process is terminated by exit()/die().
[2018-11-30 21:05:52 *6560.1]	NOTICE	zm_deactivate_swoole (ERROR 9003): worker process is terminated by exit()/die().
[2018-11-30 21:06:22 *6561.1]	NOTICE	zm_deactivate_swoole (ERROR 9003): worker process is terminated by exit()/die().
[2018-11-30 21:06:52 *6626.1]	NOTICE	zm_deactivate_swoole (ERROR 9003): worker process is terminated by exit()/die().
[2018-11-30 21:07:22 *6627.1]	NOTICE	zm_deactivate_swoole (ERROR 9003): worker process is terminated by exit()/die().
[2018-11-30 21:07:24 *5997.2]	NOTICE	zm_deactivate_swoole (ERROR 9003): worker process is terminated by exit()/die().
[2018-11-30 21:07:26 *6694.2]	NOTICE	zm_deactivate_swoole (ERROR 9003): worker process is terminated by exit()/die().
[2018-11-30 21:07:54 *6695.2]	NOTICE	zm_deactivate_swoole (ERROR 9003): worker process is terminated by exit()/die().
[2018-11-30 21:08:24 *6696.2]	NOTICE	zm_deactivate_swoole (ERROR 9003): worker process is terminated by exit()/die().
[2018-11-30 21:08:54 *6775.2]	NOTICE	zm_deactivate_swoole (ERROR 9003): worker process is terminated by exit()/die().
[2018-11-30 21:09:24 *6776.2]	NOTICE	zm_deactivate_swoole (ERROR 9003): worker process is terminated by exit()/die().
[2018-11-30 21:09:54 *6842.2]	NOTICE	zm_deactivate_swoole (ERROR 9003): worker process is terminated by exit()/die().
[2018-11-30 21:10:24 *6843.2]	NOTICE	zm_deactivate_swoole (ERROR 9003): worker process is terminated by exit()/die().
[2018-11-30 21:10:27 *6275.3]	NOTICE	zm_deactivate_swoole (ERROR 9003): worker process is terminated by exit()/die().
[2018-11-30 21:10:29 *6941.3]	NOTICE	zm_deactivate_swoole (ERROR 9003): worker process is terminated by exit()/die().
[2018-11-30 21:10:57 *6942.3]	NOTICE	zm_deactivate_swoole (ERROR 9003): worker process is terminated by exit()/die().
[2018-11-30 21:11:27 *6943.3]	NOTICE	zm_deactivate_swoole (ERROR 9003): worker process is terminated by exit()/die().
[2018-11-30 21:11:57 *7009.3]	NOTICE	zm_deactivate_swoole (ERROR 9003): worker process is terminated by exit()/die().
[2018-11-30 21:12:27 *7010.3]	NOTICE	zm_deactivate_swoole (ERROR 9003): worker process is terminated by exit()/die().
[2018-11-30 21:12:57 *7076.3]	NOTICE	zm_deactivate_swoole (ERROR 9003): worker process is terminated by exit()/die().
[2018-11-30 21:13:27 *7077.3]	NOTICE	zm_deactivate_swoole (ERROR 9003): worker process is terminated by exit()/die().
[2018-11-30 21:13:29 *6478.0]	NOTICE	zm_deactivate_swoole (ERROR 9003): worker process is terminated by exit()/die().
[2018-11-30 21:13:32 *7144.0]	NOTICE	zm_deactivate_swoole (ERROR 9003): worker process is terminated by exit()/die().
[2018-11-30 21:14:00 *7145.0]	NOTICE	zm_deactivate_swoole (ERROR 9003): worker process is terminated by exit()/die().
[2018-11-30 21:14:30 *7146.0]	NOTICE	zm_deactivate_swoole (ERROR 9003): worker process is terminated by exit()/die().
[2018-11-30 21:15:00 *7212.0]	NOTICE	zm_deactivate_swoole (ERROR 9003): worker process is terminated by exit()/die().
[2018-11-30 21:15:30 *7215.0]	NOTICE	zm_deactivate_swoole (ERROR 9003): worker process is terminated by exit()/die().
[2018-11-30 21:16:00 *7294.0]	NOTICE	zm_deactivate_swoole (ERROR 9003): worker process is terminated by exit()/die().
[2018-11-30 21:16:30 *7295.0]	NOTICE	zm_deactivate_swoole (ERROR 9003): worker process is terminated by exit()/die().
[2018-11-30 21:16:32 *6693.1]	NOTICE	zm_deactivate_swoole (ERROR 9003): worker process is terminated by exit()/die().
[2018-11-30 21:16:34 *7381.1]	NOTICE	zm_deactivate_swoole (ERROR 9003): worker process is terminated by exit()/die().
[2018-11-30 21:17:02 *7382.1]	NOTICE	zm_deactivate_swoole (ERROR 9003): worker process is terminated by exit()/die().
[2018-11-30 21:17:32 *7448.1]	NOTICE	zm_deactivate_swoole (ERROR 9003): worker process is terminated by exit()/die().
[2018-11-30 21:18:02 *7449.1]	NOTICE	zm_deactivate_swoole (ERROR 9003): worker process is terminated by exit()/die().
[2018-11-30 21:18:32 *7516.1]	NOTICE	zm_deactivate_swoole (ERROR 9003): worker process is terminated by exit()/die().
[2018-11-30 21:19:02 *7517.1]	NOTICE	zm_deactivate_swoole (ERROR 9003): worker process is terminated by exit()/die().
[2018-11-30 21:19:32 *7583.1]	NOTICE	zm_deactivate_swoole (ERROR 9003): worker process is terminated by exit()/die().
[2018-11-30 21:19:35 *6940.2]	NOTICE	zm_deactivate_swoole (ERROR 9003): worker process is terminated by exit()/die().
[2018-11-30 21:19:45 *7585.2]	NOTICE	zm_deactivate_swoole (ERROR 9003): worker process is terminated by exit()/die().
[2018-11-30 21:20:08 *7586.2]	NOTICE	zm_deactivate_swoole (ERROR 9003): worker process is terminated by exit()/die().
[2018-11-30 21:20:43 *7682.2]	NOTICE	zm_deactivate_swoole (ERROR 9003): worker process is terminated by exit()/die().
[2018-11-30 21:21:13 *7683.2]	NOTICE	zm_deactivate_swoole (ERROR 9003): worker process is terminated by exit()/die().
[2018-11-30 21:21:43 *7749.2]	NOTICE	zm_deactivate_swoole (ERROR 9003): worker process is terminated by exit()/die().
[2018-11-30 21:22:13 *7750.2]	NOTICE	zm_deactivate_swoole (ERROR 9003): worker process is terminated by exit()/die().
[2018-11-30 21:22:43 *7816.2]	NOTICE	zm_deactivate_swoole (ERROR 9003): worker process is terminated by exit()/die().
[2018-11-30 21:22:45 *7143.3]	NOTICE	zm_deactivate_swoole (ERROR 9003): worker process is terminated by exit()/die().
[2018-11-30 21:22:47 *7818.3]	NOTICE	zm_deactivate_swoole (ERROR 9003): worker process is terminated by exit()/die().
[2018-11-30 21:23:15 *7819.3]	NOTICE	zm_deactivate_swoole (ERROR 9003): worker process is terminated by exit()/die().
[2018-11-30 21:23:45 *7884.3]	NOTICE	zm_deactivate_swoole (ERROR 9003): worker process is terminated by exit()/die().
[2018-11-30 21:24:15 *7885.3]	NOTICE	zm_deactivate_swoole (ERROR 9003): worker process is terminated by exit()/die().
[2018-11-30 21:24:45 *7971.3]	NOTICE	zm_deactivate_swoole (ERROR 9003): worker process is terminated by exit()/die().
[2018-11-30 21:25:15 *7972.3]	NOTICE	zm_deactivate_swoole (ERROR 9003): worker process is terminated by exit()/die().
[2018-11-30 21:25:45 *8052.3]	NOTICE	zm_deactivate_swoole (ERROR 9003): worker process is terminated by exit()/die().
[2018-11-30 21:25:48 *7380.0]	NOTICE	zm_deactivate_swoole (ERROR 9003): worker process is terminated by exit()/die().
[2018-11-30 21:25:50 *8054.0]	NOTICE	zm_deactivate_swoole (ERROR 9003): worker process is terminated by exit()/die().
[2018-11-30 21:26:18 *8055.0]	NOTICE	zm_deactivate_swoole (ERROR 9003): worker process is terminated by exit()/die().
[2018-11-30 21:26:48 *8121.0]	NOTICE	zm_deactivate_swoole (ERROR 9003): worker process is terminated by exit()/die().
[2018-11-30 21:27:18 *8122.0]	NOTICE	zm_deactivate_swoole (ERROR 9003): worker process is terminated by exit()/die().
[2018-11-30 21:27:48 *8188.0]	NOTICE	zm_deactivate_swoole (ERROR 9003): worker process is terminated by exit()/die().
[2018-11-30 21:28:18 *8189.0]	NOTICE	zm_deactivate_swoole (ERROR 9003): worker process is terminated by exit()/die().
[2018-11-30 21:28:48 *8254.0]	NOTICE	zm_deactivate_swoole (ERROR 9003): worker process is terminated by exit()/die().
[2018-11-30 21:28:50 *7584.1]	NOTICE	zm_deactivate_swoole (ERROR 9003): worker process is terminated by exit()/die().
[2018-11-30 21:28:53 *8256.1]	NOTICE	zm_deactivate_swoole (ERROR 9003): worker process is terminated by exit()/die().
[2018-11-30 21:29:21 *8257.1]	NOTICE	zm_deactivate_swoole (ERROR 9003): worker process is terminated by exit()/die().
[2018-11-30 21:29:51 *8322.1]	NOTICE	zm_deactivate_swoole (ERROR 9003): worker process is terminated by exit()/die().
[2018-11-30 21:30:21 *8323.1]	NOTICE	zm_deactivate_swoole (ERROR 9003): worker process is terminated by exit()/die().
[2018-11-30 21:30:51 *8421.1]	NOTICE	zm_deactivate_swoole (ERROR 9003): worker process is terminated by exit()/die().
[2018-11-30 21:31:21 *8422.1]	NOTICE	zm_deactivate_swoole (ERROR 9003): worker process is terminated by exit()/die().
[2018-11-30 21:31:51 *8488.1]	NOTICE	zm_deactivate_swoole (ERROR 9003): worker process is terminated by exit()/die().
[2018-11-30 21:31:53 *7817.2]	NOTICE	zm_deactivate_swoole (ERROR 9003): worker process is terminated by exit()/die().
[2018-11-30 21:31:56 *8490.2]	NOTICE	zm_deactivate_swoole (ERROR 9003): worker process is terminated by exit()/die().
[2018-11-30 21:32:24 *8491.2]	NOTICE	zm_deactivate_swoole (ERROR 9003): worker process is terminated by exit()/die().
[2018-11-30 21:32:54 *8569.2]	NOTICE	zm_deactivate_swoole (ERROR 9003): worker process is terminated by exit()/die().
[2018-11-30 21:33:24 *8570.2]	NOTICE	zm_deactivate_swoole (ERROR 9003): worker process is terminated by exit()/die().
[2018-11-30 21:33:54 *8635.2]	NOTICE	zm_deactivate_swoole (ERROR 9003): worker process is terminated by exit()/die().
[2018-11-30 21:34:24 *8636.2]	NOTICE	zm_deactivate_swoole (ERROR 9003): worker process is terminated by exit()/die().
[2018-11-30 21:34:54 *8704.2]	NOTICE	zm_deactivate_swoole (ERROR 9003): worker process is terminated by exit()/die().
[2018-11-30 21:36:28 *8053.3]	NOTICE	zm_deactivate_swoole (ERROR 9003): worker process is terminated by exit()/die().
[2018-11-30 21:36:31 *8848.3]	NOTICE	zm_deactivate_swoole (ERROR 9003): worker process is terminated by exit()/die().
[2018-11-30 21:36:59 *8849.3]	NOTICE	zm_deactivate_swoole (ERROR 9003): worker process is terminated by exit()/die().
[2018-11-30 21:37:29 *8850.3]	NOTICE	zm_deactivate_swoole (ERROR 9003): worker process is terminated by exit()/die().
[2018-11-30 21:37:59 *8916.3]	NOTICE	zm_deactivate_swoole (ERROR 9003): worker process is terminated by exit()/die().
[2018-11-30 21:38:29 *8917.3]	NOTICE	zm_deactivate_swoole (ERROR 9003): worker process is terminated by exit()/die().
[2018-11-30 21:38:59 *8982.3]	NOTICE	zm_deactivate_swoole (ERROR 9003): worker process is terminated by exit()/die().
[2018-11-30 21:39:29 *8983.3]	NOTICE	zm_deactivate_swoole (ERROR 9003): worker process is terminated by exit()/die().
[2018-11-30 21:41:03 *8255.0]	NOTICE	zm_deactivate_swoole (ERROR 9003): worker process is terminated by exit()/die().
[2018-11-30 21:41:06 *9228.0]	NOTICE	zm_deactivate_swoole (ERROR 9003): worker process is terminated by exit()/die().
[2018-11-30 21:41:42 *9229.0]	NOTICE	zm_deactivate_swoole (ERROR 9003): worker process is terminated by exit()/die().
[2018-11-30 21:42:12 *9230.0]	NOTICE	zm_deactivate_swoole (ERROR 9003): worker process is terminated by exit()/die().
[2018-11-30 21:42:51 *9297.0]	NOTICE	zm_deactivate_swoole (ERROR 9003): worker process is terminated by exit()/die().
[2018-11-30 21:43:21 *9298.0]	NOTICE	zm_deactivate_swoole (ERROR 9003): worker process is terminated by exit()/die().
[2018-11-30 21:43:51 *9364.0]	NOTICE	zm_deactivate_swoole (ERROR 9003): worker process is terminated by exit()/die().
[2018-11-30 21:44:21 *9365.0]	NOTICE	zm_deactivate_swoole (ERROR 9003): worker process is terminated by exit()/die().
[2018-11-30 21:44:23 *8489.1]	NOTICE	zm_deactivate_swoole (ERROR 9003): worker process is terminated by exit()/die().
[2018-11-30 21:44:26 *9432.1]	NOTICE	zm_deactivate_swoole (ERROR 9003): worker process is terminated by exit()/die().
[2018-11-30 21:44:26 *9433.1]	NOTICE	zm_deactivate_swoole (ERROR 9003): worker process is terminated by exit()/die().
[2018-11-30 21:44:54 *9434.1]	NOTICE	zm_deactivate_swoole (ERROR 9003): worker process is terminated by exit()/die().
[2018-11-30 21:45:24 *9435.1]	NOTICE	zm_deactivate_swoole (ERROR 9003): worker process is terminated by exit()/die().
[2018-11-30 21:45:54 *9515.1]	NOTICE	zm_deactivate_swoole (ERROR 9003): worker process is terminated by exit()/die().
[2018-11-30 21:46:24 *9517.1]	NOTICE	zm_deactivate_swoole (ERROR 9003): worker process is terminated by exit()/die().
[2018-11-30 21:46:54 *9583.1]	NOTICE	zm_deactivate_swoole (ERROR 9003): worker process is terminated by exit()/die().
[2018-11-30 21:47:24 *9584.1]	NOTICE	zm_deactivate_swoole (ERROR 9003): worker process is terminated by exit()/die().
[2018-11-30 21:47:27 *8705.2]	NOTICE	zm_deactivate_swoole (ERROR 9003): worker process is terminated by exit()/die().
[2018-11-30 21:47:29 *9651.2]	NOTICE	zm_deactivate_swoole (ERROR 9003): worker process is terminated by exit()/die().
[2018-11-30 21:47:29 *9652.2]	NOTICE	zm_deactivate_swoole (ERROR 9003): worker process is terminated by exit()/die().
[2018-11-30 21:47:57 *9653.2]	NOTICE	zm_deactivate_swoole (ERROR 9003): worker process is terminated by exit()/die().
[2018-11-30 21:48:27 *9654.2]	NOTICE	zm_deactivate_swoole (ERROR 9003): worker process is terminated by exit()/die().
[2018-11-30 21:48:57 *9739.2]	NOTICE	zm_deactivate_swoole (ERROR 9003): worker process is terminated by exit()/die().
[2018-11-30 21:49:27 *9740.2]	NOTICE	zm_deactivate_swoole (ERROR 9003): worker process is terminated by exit()/die().
[2018-11-30 21:49:57 *9806.2]	NOTICE	zm_deactivate_swoole (ERROR 9003): worker process is terminated by exit()/die().
[2018-11-30 21:50:27 *9807.2]	NOTICE	zm_deactivate_swoole (ERROR 9003): worker process is terminated by exit()/die().
[2018-11-30 21:50:30 *9048.3]	NOTICE	zm_deactivate_swoole (ERROR 9003): worker process is terminated by exit()/die().
[2018-11-30 21:50:32 *9904.3]	NOTICE	zm_deactivate_swoole (ERROR 9003): worker process is terminated by exit()/die().
[2018-11-30 21:50:33 *9905.3]	NOTICE	zm_deactivate_swoole (ERROR 9003): worker process is terminated by exit()/die().
[2018-11-30 21:51:00 *9906.3]	NOTICE	zm_deactivate_swoole (ERROR 9003): worker process is terminated by exit()/die().
[2018-11-30 21:51:30 *9908.3]	NOTICE	zm_deactivate_swoole (ERROR 9003): worker process is terminated by exit()/die().
[2018-11-30 21:52:01 *9973.3]	NOTICE	zm_deactivate_swoole (ERROR 9003): worker process is terminated by exit()/die().
[2018-11-30 21:52:31 *9974.3]	NOTICE	zm_deactivate_swoole (ERROR 9003): worker process is terminated by exit()/die().
[2018-11-30 21:53:00 *10039.3]	NOTICE	zm_deactivate_swoole (ERROR 9003): worker process is terminated by exit()/die().
[2018-11-30 21:53:31 *10040.3]	NOTICE	zm_deactivate_swoole (ERROR 9003): worker process is terminated by exit()/die().
[2018-11-30 21:53:33 *9431.0]	NOTICE	zm_deactivate_swoole (ERROR 9003): worker process is terminated by exit()/die().
[2018-11-30 21:53:49 *10107.0]	NOTICE	zm_deactivate_swoole (ERROR 9003): worker process is terminated by exit()/die().
[2018-11-30 21:53:49 *10108.0]	NOTICE	zm_deactivate_swoole (ERROR 9003): worker process is terminated by exit()/die().
[2018-11-30 21:54:04 *10109.0]	NOTICE	zm_deactivate_swoole (ERROR 9003): worker process is terminated by exit()/die().
[2018-11-30 21:54:46 *10175.0]	NOTICE	zm_deactivate_swoole (ERROR 9003): worker process is terminated by exit()/die().
[2018-11-30 21:55:16 *10176.0]	NOTICE	zm_deactivate_swoole (ERROR 9003): worker process is terminated by exit()/die().
[2018-11-30 21:55:46 *10256.0]	NOTICE	zm_deactivate_swoole (ERROR 9003): worker process is terminated by exit()/die().
[2018-11-30 21:56:16 *10258.0]	NOTICE	zm_deactivate_swoole (ERROR 9003): worker process is terminated by exit()/die().
[2018-11-30 21:56:46 *10336.0]	NOTICE	zm_deactivate_swoole (ERROR 9003): worker process is terminated by exit()/die().
[2018-11-30 21:56:48 *9650.1]	NOTICE	zm_deactivate_swoole (ERROR 9003): worker process is terminated by exit()/die().
[2018-11-30 21:57:03 *10338.1]	NOTICE	zm_deactivate_swoole (ERROR 9003): worker process is terminated by exit()/die().
[2018-11-30 21:57:03 *10404.1]	NOTICE	zm_deactivate_swoole (ERROR 9003): worker process is terminated by exit()/die().
[2018-11-30 21:57:31 *10405.1]	NOTICE	zm_deactivate_swoole (ERROR 9003): worker process is terminated by exit()/die().
[2018-11-30 21:58:01 *10406.1]	NOTICE	zm_deactivate_swoole (ERROR 9003): worker process is terminated by exit()/die().
[2018-11-30 21:58:31 *10407.1]	NOTICE	zm_deactivate_swoole (ERROR 9003): worker process is terminated by exit()/die().
[2018-11-30 21:59:01 *10473.1]	NOTICE	zm_deactivate_swoole (ERROR 9003): worker process is terminated by exit()/die().
[2018-11-30 21:59:31 *10507.1]	NOTICE	zm_deactivate_swoole (ERROR 9003): worker process is terminated by exit()/die().
[2018-11-30 22:00:01 *10541.1]	NOTICE	zm_deactivate_swoole (ERROR 9003): worker process is terminated by exit()/die().
[2018-11-30 22:00:03 *9903.2]	NOTICE	zm_deactivate_swoole (ERROR 9003): worker process is terminated by exit()/die().
[2018-11-30 22:00:06 *10671.2]	NOTICE	zm_deactivate_swoole (ERROR 9003): worker process is terminated by exit()/die().
[2018-11-30 22:00:06 *10672.2]	NOTICE	zm_deactivate_swoole (ERROR 9003): worker process is terminated by exit()/die().
[2018-11-30 22:00:48 *10673.2]	NOTICE	zm_deactivate_swoole (ERROR 9003): worker process is terminated by exit()/die().
[2018-11-30 22:01:18 *10675.2]	NOTICE	zm_deactivate_swoole (ERROR 9003): worker process is terminated by exit()/die().
[2018-11-30 22:01:48 *10753.2]	NOTICE	zm_deactivate_swoole (ERROR 9003): worker process is terminated by exit()/die().
[2018-11-30 22:02:18 *10754.2]	NOTICE	zm_deactivate_swoole (ERROR 9003): worker process is terminated by exit()/die().
[2018-11-30 22:03:02 *10821.2]	NOTICE	zm_deactivate_swoole (ERROR 9003): worker process is terminated by exit()/die().
[2018-11-30 22:03:32 *10888.2]	NOTICE	zm_deactivate_swoole (ERROR 9003): worker process is terminated by exit()/die().
[2018-11-30 22:03:35 *10106.3]	NOTICE	zm_deactivate_swoole (ERROR 9003): worker process is terminated by exit()/die().
[2018-11-30 22:04:08 *10890.3]	NOTICE	zm_deactivate_swoole (ERROR 9003): worker process is terminated by exit()/die().
[2018-11-30 22:04:08 *10956.3]	NOTICE	zm_deactivate_swoole (ERROR 9003): worker process is terminated by exit()/die().
[2018-11-30 22:04:20 *10957.3]	NOTICE	zm_deactivate_swoole (ERROR 9003): worker process is terminated by exit()/die().
[2018-11-30 22:05:04 *10958.3]	NOTICE	zm_deactivate_swoole (ERROR 9003): worker process is terminated by exit()/die().
[2018-11-30 22:05:49 *11036.3]	NOTICE	zm_deactivate_swoole (ERROR 9003): worker process is terminated by exit()/die().
[2018-11-30 22:06:19 *11037.3]	NOTICE	zm_deactivate_swoole (ERROR 9003): worker process is terminated by exit()/die().
[2018-11-30 22:07:04 *11102.3]	NOTICE	zm_deactivate_swoole (ERROR 9003): worker process is terminated by exit()/die().
[2018-11-30 22:07:49 *11168.3]	NOTICE	zm_deactivate_swoole (ERROR 9003): worker process is terminated by exit()/die().
[2018-11-30 22:07:51 *10337.0]	NOTICE	zm_deactivate_swoole (ERROR 9003): worker process is terminated by exit()/die().
[2018-11-30 22:08:09 *11170.0]	NOTICE	zm_deactivate_swoole (ERROR 9003): worker process is terminated by exit()/die().
[2018-11-30 22:08:09 *11249.0]	NOTICE	zm_deactivate_swoole (ERROR 9003): worker process is terminated by exit()/die().
[2018-11-30 22:08:50 *11250.0]	NOTICE	zm_deactivate_swoole (ERROR 9003): worker process is terminated by exit()/die().
[2018-11-30 22:09:20 *11251.0]	NOTICE	zm_deactivate_swoole (ERROR 9003): worker process is terminated by exit()/die().
[2018-11-30 22:10:07 *11317.0]	NOTICE	zm_deactivate_swoole (ERROR 9003): worker process is terminated by exit()/die().
[2018-11-30 22:10:50 *11413.0]	NOTICE	zm_deactivate_swoole (ERROR 9003): worker process is terminated by exit()/die().
[2018-11-30 22:11:20 *11414.0]	NOTICE	zm_deactivate_swoole (ERROR 9003): worker process is terminated by exit()/die().
[2018-11-30 22:11:50 *11480.0]	NOTICE	zm_deactivate_swoole (ERROR 9003): worker process is terminated by exit()/die().
[2018-11-30 22:11:53 *10542.1]	NOTICE	zm_deactivate_swoole (ERROR 9003): worker process is terminated by exit()/die().
[2018-11-30 22:12:12 *11482.1]	NOTICE	zm_deactivate_swoole (ERROR 9003): worker process is terminated by exit()/die().
[2018-11-30 22:12:12 *11548.1]	NOTICE	zm_deactivate_swoole (ERROR 9003): worker process is terminated by exit()/die().
[2018-11-30 22:12:51 *11549.1]	NOTICE	zm_deactivate_swoole (ERROR 9003): worker process is terminated by exit()/die().
[2018-11-30 22:13:21 *11550.1]	NOTICE	zm_deactivate_swoole (ERROR 9003): worker process is terminated by exit()/die().
[2018-11-30 22:13:51 *11617.1]	NOTICE	zm_deactivate_swoole (ERROR 9003): worker process is terminated by exit()/die().
[2018-11-30 22:14:21 *11618.1]	NOTICE	zm_deactivate_swoole (ERROR 9003): worker process is terminated by exit()/die().
[2018-11-30 22:15:09 *11683.1]	NOTICE	zm_deactivate_swoole (ERROR 9003): worker process is terminated by exit()/die().
[2018-11-30 22:15:51 *11762.1]	NOTICE	zm_deactivate_swoole (ERROR 9003): worker process is terminated by exit()/die().
[2018-11-30 22:15:54 *10889.2]	NOTICE	zm_deactivate_swoole (ERROR 9003): worker process is terminated by exit()/die().
[2018-11-30 22:16:15 *11765.2]	NOTICE	zm_deactivate_swoole (ERROR 9003): worker process is terminated by exit()/die().
[2018-11-30 22:16:15 *11851.2]	NOTICE	zm_deactivate_swoole (ERROR 9003): worker process is terminated by exit()/die().
[2018-11-30 22:16:53 *11852.2]	NOTICE	zm_deactivate_swoole (ERROR 9003): worker process is terminated by exit()/die().
[2018-11-30 22:17:23 *11853.2]	NOTICE	zm_deactivate_swoole (ERROR 9003): worker process is terminated by exit()/die().
[2018-11-30 22:18:12 *11919.2]	NOTICE	zm_deactivate_swoole (ERROR 9003): worker process is terminated by exit()/die().
[2018-11-30 22:18:53 *11986.2]	NOTICE	zm_deactivate_swoole (ERROR 9003): worker process is terminated by exit()/die().
[2018-11-30 22:19:23 *11987.2]	NOTICE	zm_deactivate_swoole (ERROR 9003): worker process is terminated by exit()/die().
[2018-11-30 22:20:12 *12052.2]	NOTICE	zm_deactivate_swoole (ERROR 9003): worker process is terminated by exit()/die().
[2018-11-30 22:20:15 *11169.3]	NOTICE	zm_deactivate_swoole (ERROR 9003): worker process is terminated by exit()/die().
[2018-11-30 22:20:18 *12151.3]	NOTICE	zm_deactivate_swoole (ERROR 9003): worker process is terminated by exit()/die().
[2018-11-30 22:20:18 *12152.3]	NOTICE	zm_deactivate_swoole (ERROR 9003): worker process is terminated by exit()/die().
[2018-11-30 22:20:18 *12153.3]	NOTICE	zm_deactivate_swoole (ERROR 9003): worker process is terminated by exit()/die().
[2018-11-30 22:20:54 *12154.3]	NOTICE	zm_deactivate_swoole (ERROR 9003): worker process is terminated by exit()/die().
[2018-11-30 22:21:24 *12155.3]	NOTICE	zm_deactivate_swoole (ERROR 9003): worker process is terminated by exit()/die().
[2018-11-30 22:21:54 *12220.3]	NOTICE	zm_deactivate_swoole (ERROR 9003): worker process is terminated by exit()/die().
[2018-11-30 22:22:24 *12221.3]	NOTICE	zm_deactivate_swoole (ERROR 9003): worker process is terminated by exit()/die().
[2018-11-30 22:23:15 *12287.3]	NOTICE	zm_deactivate_swoole (ERROR 9003): worker process is terminated by exit()/die().
[2018-11-30 22:23:54 *12353.3]	NOTICE	zm_deactivate_swoole (ERROR 9003): worker process is terminated by exit()/die().
[2018-11-30 22:23:57 *11481.0]	NOTICE	zm_deactivate_swoole (ERROR 9003): worker process is terminated by exit()/die().
[2018-11-30 22:24:21 *12355.0]	NOTICE	zm_deactivate_swoole (ERROR 9003): worker process is terminated by exit()/die().
[2018-11-30 22:24:21 *12432.0]	NOTICE	zm_deactivate_swoole (ERROR 9003): worker process is terminated by exit()/die().
[2018-11-30 22:24:21 *12433.0]	NOTICE	zm_deactivate_swoole (ERROR 9003): worker process is terminated by exit()/die().
[2018-11-30 22:24:56 *12434.0]	NOTICE	zm_deactivate_swoole (ERROR 9003): worker process is terminated by exit()/die().
[2018-11-30 22:25:26 *12435.0]	NOTICE	zm_deactivate_swoole (ERROR 9003): worker process is terminated by exit()/die().
[2018-11-30 22:26:18 *12513.0]	NOTICE	zm_deactivate_swoole (ERROR 9003): worker process is terminated by exit()/die().
[2018-11-30 22:26:56 *12581.0]	NOTICE	zm_deactivate_swoole (ERROR 9003): worker process is terminated by exit()/die().
[2018-11-30 22:27:26 *12582.0]	NOTICE	zm_deactivate_swoole (ERROR 9003): worker process is terminated by exit()/die().
[2018-11-30 22:28:18 *12647.0]	NOTICE	zm_deactivate_swoole (ERROR 9003): worker process is terminated by exit()/die().
[2018-11-30 22:28:21 *11764.1]	NOTICE	zm_deactivate_swoole (ERROR 9003): worker process is terminated by exit()/die().
[2018-11-30 22:28:24 *12714.1]	NOTICE	zm_deactivate_swoole (ERROR 9003): worker process is terminated by exit()/die().
[2018-11-30 22:28:24 *12715.1]	NOTICE	zm_deactivate_swoole (ERROR 9003): worker process is terminated by exit()/die().
[2018-11-30 22:28:25 *12716.1]	NOTICE	zm_deactivate_swoole (ERROR 9003): worker process is terminated by exit()/die().
[2018-11-30 22:28:57 *12717.1]	NOTICE	zm_deactivate_swoole (ERROR 9003): worker process is terminated by exit()/die().
[2018-11-30 22:29:27 *12718.1]	NOTICE	zm_deactivate_swoole (ERROR 9003): worker process is terminated by exit()/die().
[2018-11-30 22:30:21 *12783.1]	NOTICE	zm_deactivate_swoole (ERROR 9003): worker process is terminated by exit()/die().
[2018-11-30 22:30:57 *12879.1]	NOTICE	zm_deactivate_swoole (ERROR 9003): worker process is terminated by exit()/die().
[2018-11-30 22:31:27 *12880.1]	NOTICE	zm_deactivate_swoole (ERROR 9003): worker process is terminated by exit()/die().
[2018-11-30 22:32:21 *12947.1]	NOTICE	zm_deactivate_swoole (ERROR 9003): worker process is terminated by exit()/die().
[2018-11-30 22:32:24 *12150.2]	NOTICE	zm_deactivate_swoole (ERROR 9003): worker process is terminated by exit()/die().
[2018-11-30 22:32:28 *13043.2]	NOTICE	zm_deactivate_swoole (ERROR 9003): worker process is terminated by exit()/die().
[2018-11-30 22:32:28 *13044.2]	NOTICE	zm_deactivate_swoole (ERROR 9003): worker process is terminated by exit()/die().
[2018-11-30 22:32:28 *13045.2]	NOTICE	zm_deactivate_swoole (ERROR 9003): worker process is terminated by exit()/die().
[2018-11-30 22:32:28 *13046.2]	NOTICE	zm_deactivate_swoole (ERROR 9003): worker process is terminated by exit()/die().
[2018-11-30 22:32:59 *13047.2]	NOTICE	zm_deactivate_swoole (ERROR 9003): worker process is terminated by exit()/die().
[2018-11-30 22:33:29 *13048.2]	NOTICE	zm_deactivate_swoole (ERROR 9003): worker process is terminated by exit()/die().
[2018-11-30 22:33:59 *13115.2]	NOTICE	zm_deactivate_swoole (ERROR 9003): worker process is terminated by exit()/die().
[2018-11-30 22:34:29 *13116.2]	NOTICE	zm_deactivate_swoole (ERROR 9003): worker process is terminated by exit()/die().
[2018-11-30 22:35:24 *13181.2]	NOTICE	zm_deactivate_swoole (ERROR 9003): worker process is terminated by exit()/die().
[2018-11-30 22:35:59 *13260.2]	NOTICE	zm_deactivate_swoole (ERROR 9003): worker process is terminated by exit()/die().
[2018-11-30 22:36:02 *12354.3]	NOTICE	zm_deactivate_swoole (ERROR 9003): worker process is terminated by exit()/die().
[2018-11-30 22:36:31 *13326.3]	NOTICE	zm_deactivate_swoole (ERROR 9003): worker process is terminated by exit()/die().
[2018-11-30 22:36:31 *13328.3]	NOTICE	zm_deactivate_swoole (ERROR 9003): worker process is terminated by exit()/die().
[2018-11-30 22:36:31 *13329.3]	NOTICE	zm_deactivate_swoole (ERROR 9003): worker process is terminated by exit()/die().
[2018-11-30 22:37:01 *13330.3]	NOTICE	zm_deactivate_swoole (ERROR 9003): worker process is terminated by exit()/die().
[2018-11-30 22:37:31 *13331.3]	NOTICE	zm_deactivate_swoole (ERROR 9003): worker process is terminated by exit()/die().
[2018-11-30 22:38:28 *13397.3]	NOTICE	zm_deactivate_swoole (ERROR 9003): worker process is terminated by exit()/die().
[2018-11-30 22:39:01 *13463.3]	NOTICE	zm_deactivate_swoole (ERROR 9003): worker process is terminated by exit()/die().
[2018-11-30 22:39:30 *13464.3]	NOTICE	zm_deactivate_swoole (ERROR 9003): worker process is terminated by exit()/die().
[2018-11-30 22:40:01 *13530.3]	NOTICE	zm_deactivate_swoole (ERROR 9003): worker process is terminated by exit()/die().
[2018-11-30 22:40:04 *12713.0]	NOTICE	zm_deactivate_swoole (ERROR 9003): worker process is terminated by exit()/die().
[2018-11-30 22:40:35 *13657.0]	NOTICE	zm_deactivate_swoole (ERROR 9003): worker process is terminated by exit()/die().
[2018-11-30 22:40:35 *13658.0]	NOTICE	zm_deactivate_swoole (ERROR 9003): worker process is terminated by exit()/die().
[2018-11-30 22:40:35 *13659.0]	NOTICE	zm_deactivate_swoole (ERROR 9003): worker process is terminated by exit()/die().
[2018-11-30 22:40:35 *13660.0]	NOTICE	zm_deactivate_swoole (ERROR 9003): worker process is terminated by exit()/die().
[2018-11-30 22:41:04 *13661.0]	NOTICE	zm_deactivate_swoole (ERROR 9003): worker process is terminated by exit()/die().
[2018-11-30 22:42:02 *13727.0]	NOTICE	zm_deactivate_swoole (ERROR 9003): worker process is terminated by exit()/die().
[2018-11-30 22:42:32 *13791.0]	NOTICE	zm_deactivate_swoole (ERROR 9003): worker process is terminated by exit()/die().
[2018-11-30 22:43:03 *13792.0]	NOTICE	zm_deactivate_swoole (ERROR 9003): worker process is terminated by exit()/die().
[2018-11-30 22:43:33 *13858.0]	NOTICE	zm_deactivate_swoole (ERROR 9003): worker process is terminated by exit()/die().
[2018-11-30 22:44:32 *13859.0]	NOTICE	zm_deactivate_swoole (ERROR 9003): worker process is terminated by exit()/die().
[2018-11-30 22:44:35 *13042.1]	NOTICE	zm_deactivate_swoole (ERROR 9003): worker process is terminated by exit()/die().
[2018-11-30 22:45:38 *13926.1]	NOTICE	zm_deactivate_swoole (ERROR 9003): worker process is terminated by exit()/die().
[2018-11-30 22:45:40 *14006.1]	NOTICE	zm_deactivate_swoole (ERROR 9003): worker process is terminated by exit()/die().
[2018-11-30 22:45:40 *14007.1]	NOTICE	zm_deactivate_swoole (ERROR 9003): worker process is terminated by exit()/die().
[2018-11-30 22:45:40 *14008.1]	NOTICE	zm_deactivate_swoole (ERROR 9003): worker process is terminated by exit()/die().
[2018-11-30 22:45:40 *14009.1]	NOTICE	zm_deactivate_swoole (ERROR 9003): worker process is terminated by exit()/die().
[2018-11-30 22:46:13 *14010.1]	NOTICE	zm_deactivate_swoole (ERROR 9003): worker process is terminated by exit()/die().
[2018-11-30 22:46:45 *14076.1]	NOTICE	zm_deactivate_swoole (ERROR 9003): worker process is terminated by exit()/die().
[2018-11-30 22:47:47 *14077.1]	NOTICE	zm_deactivate_swoole (ERROR 9003): worker process is terminated by exit()/die().
[2018-11-30 22:48:48 *14144.1]	NOTICE	zm_deactivate_swoole (ERROR 9003): worker process is terminated by exit()/die().
[2018-11-30 22:49:50 *14228.1]	NOTICE	zm_deactivate_swoole (ERROR 9003): worker process is terminated by exit()/die().
[2018-11-30 22:50:24 *13261.2]	NOTICE	zm_deactivate_swoole (ERROR 9003): worker process is terminated by exit()/die().
[2018-11-30 22:52:02 *14391.2]	NOTICE	zm_deactivate_swoole (ERROR 9003): worker process is terminated by exit()/die().
[2018-11-30 22:52:05 *13531.3]	NOTICE	zm_deactivate_swoole (ERROR 9003): worker process is terminated by exit()/die().
[2018-11-30 22:52:07 *14524.3]	NOTICE	zm_deactivate_swoole (ERROR 9003): worker process is terminated by exit()/die().
[2018-11-30 22:53:05 *14525.3]	NOTICE	zm_deactivate_swoole (ERROR 9003): worker process is terminated by exit()/die().
[2018-11-30 22:53:38 *14591.3]	NOTICE	zm_deactivate_swoole (ERROR 9003): worker process is terminated by exit()/die().
[2018-11-30 22:54:11 *14592.3]	NOTICE	zm_deactivate_swoole (ERROR 9003): worker process is terminated by exit()/die().
[2018-11-30 22:54:43 *14658.3]	NOTICE	zm_deactivate_swoole (ERROR 9003): worker process is terminated by exit()/die().
[2018-11-30 22:55:17 *14659.3]	NOTICE	zm_deactivate_swoole (ERROR 9003): worker process is terminated by exit()/die().
[2018-11-30 22:55:49 *14737.3]	NOTICE	zm_deactivate_swoole (ERROR 9003): worker process is terminated by exit()/die().
[2018-11-30 22:55:51 *13925.0]	NOTICE	zm_deactivate_swoole (ERROR 9003): worker process is terminated by exit()/die().
[2018-11-30 22:56:54 *14739.0]	NOTICE	zm_deactivate_swoole (ERROR 9003): worker process is terminated by exit()/die().
[2018-11-30 22:56:56 *14825.0]	NOTICE	zm_deactivate_swoole (ERROR 9003): worker process is terminated by exit()/die().
[2018-11-30 22:57:31 *14826.0]	NOTICE	zm_deactivate_swoole (ERROR 9003): worker process is terminated by exit()/die().
[2018-11-30 22:58:09 *14894.0]	NOTICE	zm_deactivate_swoole (ERROR 9003): worker process is terminated by exit()/die().
[2018-11-30 22:59:13 *14959.0]	NOTICE	zm_deactivate_swoole (ERROR 9003): worker process is terminated by exit()/die().
[2018-11-30 23:00:18 *15024.0]	NOTICE	zm_deactivate_swoole (ERROR 9003): worker process is terminated by exit()/die().
[2018-11-30 23:01:22 *15158.0]	NOTICE	zm_deactivate_swoole (ERROR 9003): worker process is terminated by exit()/die().
[2018-11-30 23:01:56 *14294.1]	NOTICE	zm_deactivate_swoole (ERROR 9003): worker process is terminated by exit()/die().
[2018-11-30 23:04:04 *15236.1]	NOTICE	zm_deactivate_swoole (ERROR 9003): worker process is terminated by exit()/die().
[2018-11-30 23:04:06 *15432.1]	NOTICE	zm_deactivate_swoole (ERROR 9003): worker process is terminated by exit()/die().
[2018-11-30 23:05:10 *15433.1]	NOTICE	zm_deactivate_swoole (ERROR 9003): worker process is terminated by exit()/die().
[2018-11-30 23:06:15 *15512.1]	NOTICE	zm_deactivate_swoole (ERROR 9003): worker process is terminated by exit()/die().
[2018-11-30 23:06:52 *15578.1]	NOTICE	zm_deactivate_swoole (ERROR 9003): worker process is terminated by exit()/die().
[2018-11-30 23:07:58 *15579.1]	NOTICE	zm_deactivate_swoole (ERROR 9003): worker process is terminated by exit()/die().
[2018-11-30 23:09:07 *15645.1]	NOTICE	zm_deactivate_swoole (ERROR 9003): worker process is terminated by exit()/die().
[2018-11-30 23:11:14 *14523.2]	NOTICE	zm_deactivate_swoole (ERROR 9003): worker process is terminated by exit()/die().
[2018-11-30 23:11:58 *15952.2]	NOTICE	zm_deactivate_swoole (ERROR 9003): worker process is terminated by exit()/die().
[2018-12-02 09:57:16 #30534.2]	NOTICE	Server is shutdown now.
